<?xml version="1.0" encoding="UTF-8"?>
<testng-results ignored="0" total="7" passed="6" failed="1" skipped="0">
  <reporter-output>
  </reporter-output>
  <suite started-at="2024-03-18T17:33:28 IST" name="Default suite" finished-at="2024-03-18T17:36:28 IST" duration-ms="179825">
    <groups>
    </groups>
    <test started-at="2024-03-18T17:33:28 IST" name="Default test" finished-at="2024-03-18T17:36:28 IST" duration-ms="179825">
      <class name="test.component.TestPage">
        <test-method is-config="true" signature="beforeSuite()[pri:0, instance:test.component.TestPage@682b2fa]" started-at="2024-03-18T17:33:28 IST" name="beforeSuite" finished-at="2024-03-18T17:33:28 IST" duration-ms="125" status="PASS">
          <reporter-output>
          </reporter-output>
        </test-method> <!-- beforeSuite -->
        <test-method is-config="true" signature="beforeMethod()[pri:0, instance:test.component.TestPage@682b2fa]" started-at="2024-03-18T17:33:28 IST" name="beforeMethod" finished-at="2024-03-18T17:33:37 IST" duration-ms="8270" status="PASS">
          <reporter-output>
          </reporter-output>
        </test-method> <!-- beforeMethod -->
        <test-method signature="testFive()[pri:0, instance:test.component.TestPage@682b2fa]" started-at="2024-03-18T17:33:37 IST" name="testFive" finished-at="2024-03-18T17:33:45 IST" duration-ms="8862" status="PASS">
          <reporter-output>
          </reporter-output>
        </test-method> <!-- testFive -->
        <test-method is-config="true" signature="afterMethod()[pri:0, instance:test.component.TestPage@682b2fa]" started-at="2024-03-18T17:33:45 IST" name="afterMethod" finished-at="2024-03-18T17:33:46 IST" duration-ms="70" status="PASS">
          <reporter-output>
          </reporter-output>
        </test-method> <!-- afterMethod -->
        <test-method is-config="true" signature="beforeMethod()[pri:0, instance:test.component.TestPage@682b2fa]" started-at="2024-03-18T17:33:46 IST" name="beforeMethod" finished-at="2024-03-18T17:33:53 IST" duration-ms="7810" status="PASS">
          <reporter-output>
          </reporter-output>
        </test-method> <!-- beforeMethod -->
        <test-method signature="testFour()[pri:0, instance:test.component.TestPage@682b2fa]" started-at="2024-03-18T17:33:53 IST" name="testFour" finished-at="2024-03-18T17:34:27 IST" duration-ms="33977" status="PASS">
          <reporter-output>
          </reporter-output>
        </test-method> <!-- testFour -->
        <test-method is-config="true" signature="afterMethod()[pri:0, instance:test.component.TestPage@682b2fa]" started-at="2024-03-18T17:34:27 IST" name="afterMethod" finished-at="2024-03-18T17:34:27 IST" duration-ms="59" status="PASS">
          <reporter-output>
          </reporter-output>
        </test-method> <!-- afterMethod -->
        <test-method is-config="true" signature="beforeMethod()[pri:0, instance:test.component.TestPage@682b2fa]" started-at="2024-03-18T17:34:27 IST" name="beforeMethod" finished-at="2024-03-18T17:34:35 IST" duration-ms="7831" status="PASS">
          <reporter-output>
          </reporter-output>
        </test-method> <!-- beforeMethod -->
        <test-method signature="testOne()[pri:0, instance:test.component.TestPage@682b2fa]" started-at="2024-03-18T17:34:35 IST" name="testOne" finished-at="2024-03-18T17:35:00 IST" duration-ms="24389" status="FAIL">
          <exception class="org.openqa.selenium.ElementClickInterceptedException">
            <message>
              <![CDATA[element click intercepted: Element is not clickable at point (280, 958)
  (Session info: chrome=122.0.6261.129)
Build info: version: '4.13.0', revision: 'ba948ece5b*'
System info: os.name: 'Windows 10', os.arch: 'amd64', os.version: '10.0', java.version: '21.0.1'
Driver info: org.openqa.selenium.chrome.ChromeDriver
Command: [a314f1654783679a983b184410db7501, clickElement {id=f.71108559961EAAB6C17127BB7C7690E1.d.358807DA5F9E7BE14A37E8317D8E8687.e.113}]
Capabilities {acceptInsecureCerts: false, browserName: chrome, browserVersion: 122.0.6261.129, chrome: {chromedriverVersion: 122.0.6261.128 (f18a44fedeb..., userDataDir: C:\Users\SIVAASHA\AppData\L...}, fedcm:accounts: true, goog:chromeOptions: {debuggerAddress: localhost:55406}, networkConnectionEnabled: false, pageLoadStrategy: normal, platformName: windows, proxy: Proxy(), se:cdp: ws://localhost:55406/devtoo..., se:cdpVersion: 122.0.6261.129, setWindowRect: true, strictFileInteractability: false, timeouts: {implicit: 0, pageLoad: 300000, script: 30000}, unhandledPromptBehavior: dismiss and notify, webauthn:extension:credBlob: true, webauthn:extension:largeBlob: true, webauthn:extension:minPinLength: true, webauthn:extension:prf: true, webauthn:virtualAuthenticators: true}
Element: [[ChromeDriver: chrome on windows (a314f1654783679a983b184410db7501)] -> xpath: //button[@class='btn btn-red']]
Session ID: a314f1654783679a983b184410db7501]]>
            </message>
            <full-stacktrace>
              <![CDATA[org.openqa.selenium.ElementClickInterceptedException: element click intercepted: Element is not clickable at point (280, 958)
  (Session info: chrome=122.0.6261.129)
Build info: version: '4.13.0', revision: 'ba948ece5b*'
System info: os.name: 'Windows 10', os.arch: 'amd64', os.version: '10.0', java.version: '21.0.1'
Driver info: org.openqa.selenium.chrome.ChromeDriver
Command: [a314f1654783679a983b184410db7501, clickElement {id=f.71108559961EAAB6C17127BB7C7690E1.d.358807DA5F9E7BE14A37E8317D8E8687.e.113}]
Capabilities {acceptInsecureCerts: false, browserName: chrome, browserVersion: 122.0.6261.129, chrome: {chromedriverVersion: 122.0.6261.128 (f18a44fedeb..., userDataDir: C:\Users\SIVAASHA\AppData\L...}, fedcm:accounts: true, goog:chromeOptions: {debuggerAddress: localhost:55406}, networkConnectionEnabled: false, pageLoadStrategy: normal, platformName: windows, proxy: Proxy(), se:cdp: ws://localhost:55406/devtoo..., se:cdpVersion: 122.0.6261.129, setWindowRect: true, strictFileInteractability: false, timeouts: {implicit: 0, pageLoad: 300000, script: 30000}, unhandledPromptBehavior: dismiss and notify, webauthn:extension:credBlob: true, webauthn:extension:largeBlob: true, webauthn:extension:minPinLength: true, webauthn:extension:prf: true, webauthn:virtualAuthenticators: true}
Element: [[ChromeDriver: chrome on windows (a314f1654783679a983b184410db7501)] -> xpath: //button[@class='btn btn-red']]
Session ID: a314f1654783679a983b184410db7501
at java.base/jdk.internal.reflect.DirectConstructorHandleAccessor.newInstance(DirectConstructorHandleAccessor.java:62)
at java.base/java.lang.reflect.Constructor.newInstanceWithCaller(Constructor.java:502)
at java.base/java.lang.reflect.Constructor.newInstance(Constructor.java:486)
at org.openqa.selenium.remote.codec.w3c.W3CHttpResponseCodec.createException(W3CHttpResponseCodec.java:200)
at org.openqa.selenium.remote.codec.w3c.W3CHttpResponseCodec.decode(W3CHttpResponseCodec.java:133)
at org.openqa.selenium.remote.codec.w3c.W3CHttpResponseCodec.decode(W3CHttpResponseCodec.java:52)
at org.openqa.selenium.remote.HttpCommandExecutor.execute(HttpCommandExecutor.java:191)
at org.openqa.selenium.remote.service.DriverCommandExecutor.invokeExecute(DriverCommandExecutor.java:196)
at org.openqa.selenium.remote.service.DriverCommandExecutor.execute(DriverCommandExecutor.java:171)
at org.openqa.selenium.remote.RemoteWebDriver.execute(RemoteWebDriver.java:602)
at org.openqa.selenium.remote.RemoteWebElement.execute(RemoteWebElement.java:224)
at org.openqa.selenium.remote.RemoteWebElement.click(RemoteWebElement.java:77)
at java.base/jdk.internal.reflect.DirectMethodHandleAccessor.invoke(DirectMethodHandleAccessor.java:103)
at java.base/java.lang.reflect.Method.invoke(Method.java:580)
at org.openqa.selenium.support.pagefactory.internal.LocatingElementHandler.invoke(LocatingElementHandler.java:51)
at jdk.proxy2/jdk.proxy2.$Proxy19.click(Unknown Source)
at util.WebUtils.clickEvent(WebUtils.java:33)
at page.component.SignUp.signUpMethod(SignUp.java:95)
at test.component.TestPage.testOne(TestPage.java:20)
at java.base/jdk.internal.reflect.DirectMethodHandleAccessor.invoke(DirectMethodHandleAccessor.java:103)
at java.base/java.lang.reflect.Method.invoke(Method.java:580)
at org.testng.internal.invokers.MethodInvocationHelper.invokeMethod(MethodInvocationHelper.java:139)
at org.testng.internal.invokers.TestInvoker.invokeMethod(TestInvoker.java:677)
at org.testng.internal.invokers.TestInvoker.invokeTestMethod(TestInvoker.java:221)
at org.testng.internal.invokers.MethodRunner.runInSequence(MethodRunner.java:50)
at org.testng.internal.invokers.TestInvoker$MethodInvocationAgent.invoke(TestInvoker.java:969)
at org.testng.internal.invokers.TestInvoker.invokeTestMethods(TestInvoker.java:194)
at org.testng.internal.invokers.TestMethodWorker.invokeTestMethods(TestMethodWorker.java:148)
at org.testng.internal.invokers.TestMethodWorker.run(TestMethodWorker.java:128)
at java.base/java.util.ArrayList.forEach(ArrayList.java:1596)
at org.testng.TestRunner.privateRun(TestRunner.java:829)
at org.testng.TestRunner.run(TestRunner.java:602)
at org.testng.SuiteRunner.runTest(SuiteRunner.java:437)
at org.testng.SuiteRunner.runSequentially(SuiteRunner.java:431)
at org.testng.SuiteRunner.privateRun(SuiteRunner.java:391)
at org.testng.SuiteRunner.run(SuiteRunner.java:330)
at org.testng.SuiteRunnerWorker.runSuite(SuiteRunnerWorker.java:52)
at org.testng.SuiteRunnerWorker.run(SuiteRunnerWorker.java:95)
at org.testng.TestNG.runSuitesSequentially(TestNG.java:1256)
at org.testng.TestNG.runSuitesLocally(TestNG.java:1176)
at org.testng.TestNG.runSuites(TestNG.java:1099)
at org.testng.TestNG.run(TestNG.java:1067)
at org.testng.remote.AbstractRemoteTestNG.run(AbstractRemoteTestNG.java:115)
at org.testng.remote.RemoteTestNG.initAndRun(RemoteTestNG.java:251)
at org.testng.remote.RemoteTestNG.main(RemoteTestNG.java:77)
]]>
            </full-stacktrace>
          </exception> <!-- org.openqa.selenium.ElementClickInterceptedException -->
          <reporter-output>
          </reporter-output>
        </test-method> <!-- testOne -->
        <test-method is-config="true" signature="afterMethod()[pri:0, instance:test.component.TestPage@682b2fa]" started-at="2024-03-18T17:35:00 IST" name="afterMethod" finished-at="2024-03-18T17:35:00 IST" duration-ms="69" status="PASS">
          <reporter-output>
          </reporter-output>
        </test-method> <!-- afterMethod -->
        <test-method is-config="true" signature="beforeMethod()[pri:0, instance:test.component.TestPage@682b2fa]" started-at="2024-03-18T17:35:00 IST" name="beforeMethod" finished-at="2024-03-18T17:35:05 IST" duration-ms="5540" status="PASS">
          <reporter-output>
          </reporter-output>
        </test-method> <!-- beforeMethod -->
        <test-method signature="testSeven()[pri:0, instance:test.component.TestPage@682b2fa]" started-at="2024-03-18T17:35:05 IST" name="testSeven" finished-at="2024-03-18T17:35:14 IST" duration-ms="8548" status="PASS">
          <reporter-output>
          </reporter-output>
        </test-method> <!-- testSeven -->
        <test-method is-config="true" signature="afterMethod()[pri:0, instance:test.component.TestPage@682b2fa]" started-at="2024-03-18T17:35:14 IST" name="afterMethod" finished-at="2024-03-18T17:35:14 IST" duration-ms="55" status="PASS">
          <reporter-output>
          </reporter-output>
        </test-method> <!-- afterMethod -->
        <test-method is-config="true" signature="beforeMethod()[pri:0, instance:test.component.TestPage@682b2fa]" started-at="2024-03-18T17:35:14 IST" name="beforeMethod" finished-at="2024-03-18T17:35:20 IST" duration-ms="5952" status="PASS">
          <reporter-output>
          </reporter-output>
        </test-method> <!-- beforeMethod -->
        <test-method signature="testSix()[pri:0, instance:test.component.TestPage@682b2fa]" started-at="2024-03-18T17:35:20 IST" name="testSix" finished-at="2024-03-18T17:35:37 IST" duration-ms="16848" status="PASS">
          <reporter-output>
          </reporter-output>
        </test-method> <!-- testSix -->
        <test-method is-config="true" signature="afterMethod()[pri:0, instance:test.component.TestPage@682b2fa]" started-at="2024-03-18T17:35:37 IST" name="afterMethod" finished-at="2024-03-18T17:35:37 IST" duration-ms="62" status="PASS">
          <reporter-output>
          </reporter-output>
        </test-method> <!-- afterMethod -->
        <test-method is-config="true" signature="beforeMethod()[pri:0, instance:test.component.TestPage@682b2fa]" started-at="2024-03-18T17:35:37 IST" name="beforeMethod" finished-at="2024-03-18T17:35:42 IST" duration-ms="5266" status="PASS">
          <reporter-output>
          </reporter-output>
        </test-method> <!-- beforeMethod -->
        <test-method signature="testThree()[pri:0, instance:test.component.TestPage@682b2fa]" started-at="2024-03-18T17:35:42 IST" name="testThree" finished-at="2024-03-18T17:36:16 IST" duration-ms="34007" status="PASS">
          <reporter-output>
          </reporter-output>
        </test-method> <!-- testThree -->
        <test-method is-config="true" signature="afterMethod()[pri:0, instance:test.component.TestPage@682b2fa]" started-at="2024-03-18T17:36:16 IST" name="afterMethod" finished-at="2024-03-18T17:36:16 IST" duration-ms="69" status="PASS">
          <reporter-output>
          </reporter-output>
        </test-method> <!-- afterMethod -->
        <test-method is-config="true" signature="beforeMethod()[pri:0, instance:test.component.TestPage@682b2fa]" started-at="2024-03-18T17:36:16 IST" name="beforeMethod" finished-at="2024-03-18T17:36:21 IST" duration-ms="5336" status="PASS">
          <reporter-output>
          </reporter-output>
        </test-method> <!-- beforeMethod -->
        <test-method signature="testTwo()[pri:0, instance:test.component.TestPage@682b2fa]" started-at="2024-03-18T17:36:21 IST" name="testTwo" finished-at="2024-03-18T17:36:28 IST" duration-ms="6710" status="PASS">
          <reporter-output>
          </reporter-output>
        </test-method> <!-- testTwo -->
        <test-method is-config="true" signature="afterMethod()[pri:0, instance:test.component.TestPage@682b2fa]" started-at="2024-03-18T17:36:28 IST" name="afterMethod" finished-at="2024-03-18T17:36:28 IST" duration-ms="65" status="PASS">
          <reporter-output>
          </reporter-output>
        </test-method> <!-- afterMethod -->
        <test-method is-config="true" signature="afterSuite()[pri:0, instance:test.component.TestPage@682b2fa]" started-at="2024-03-18T17:36:28 IST" name="afterSuite" finished-at="2024-03-18T17:36:28 IST" duration-ms="0" status="PASS">
          <reporter-output>
          </reporter-output>
        </test-method> <!-- afterSuite -->
      </class> <!-- test.component.TestPage -->
    </test> <!-- Default test -->
  </suite> <!-- Default suite -->
</testng-results>
